<?xml version="1.0" encoding="UTF-8"?>
<!-- Generated by org.testng.reporters.JUnitReportReporter -->
<testsuite hostname="DEC1526" failures="0" tests="16" name="com.qa.testcases.LoginPageTest" time="289.584" errors="0" timestamp="2023-09-27T14:13:09 IST" skipped="0">
  <testcase classname="com.qa.testcases.LoginPageTest" name="validateLoginPageUrlTest" time="4.300"/>
  <testcase classname="com.qa.testcases.LoginPageTest" name="validateLoginPageTitleTest" time="4.165"/>
  <testcase classname="com.qa.testcases.LoginPageTest" name="mobileFieldDisplayedTest" time="3.786"/>
  <testcase classname="com.qa.testcases.LoginPageTest" name="mobileFieldEnabledTest" time="3.965"/>
  <testcase classname="com.qa.testcases.LoginPageTest" name="MobileNumberValidationTest" time="4.482"/>
  <testcase classname="com.qa.testcases.LoginPageTest" name="mobileBlankFieldValidationTest" time="4.519"/>
  <testcase classname="com.qa.testcases.LoginPageTest" name="CheckboxDisplayedTest" time="3.398"/>
  <testcase classname="com.qa.testcases.LoginPageTest" name="validatecheckboxTest" time="5.867"/>
  <testcase classname="com.qa.testcases.LoginPageTest" name="validateOTPbuttonClickableTest" time="9.321"/>
  <testcase classname="com.qa.testcases.LoginPageTest" name="OTPVerificationTimerTest" time="15.832"/>
  <testcase classname="com.qa.testcases.LoginPageTest" name="panFieldDisplayedTest" time="35.021"/>
  <testcase classname="com.qa.testcases.LoginPageTest" name="panFieldClickableTest" time="27.753"/>
  <testcase classname="com.qa.testcases.LoginPageTest" name="panNumberValidationTest" time="34.871"/>
  <testcase classname="com.qa.testcases.LoginPageTest" name="ProceedbuttonEnableTest" time="52.394"/>
  <testcase classname="com.qa.testcases.LoginPageTest" name="NSDLValidationTest" time="45.148"/>
  <testcase classname="com.qa.testcases.LoginPageTest" name="loginTest" time="34.762"/>
</testsuite> <!-- com.qa.testcases.LoginPageTest -->
