<?xml version="1.0" encoding="UTF-8"?>
<!-- Generated by org.testng.reporters.JUnitReportReporter -->
<testsuite hostname="DEC1526" failures="0" tests="6" name="com.qa.testcases.SummaryScreenPageTest" time="256.813" errors="0" timestamp="2023-09-11T11:05:56 IST" skipped="0">
  <testcase classname="com.qa.testcases.SummaryScreenPageTest" name="loginTest" time="23.928"/>
  <testcase classname="com.qa.testcases.SummaryScreenPageTest" name="cifTest" time="34.515"/>
  <testcase classname="com.qa.testcases.SummaryScreenPageTest" name="ComTest" time="76.828"/>
  <testcase classname="com.qa.testcases.SummaryScreenPageTest" name="AddTest" time="37.342"/>
  <testcase classname="com.qa.testcases.SummaryScreenPageTest" name="EmpTest" time="76.045"/>
  <testcase classname="com.qa.testcases.SummaryScreenPageTest" name="summary" time="8.155"/>
</testsuite> <!-- com.qa.testcases.SummaryScreenPageTest -->
