<?xml version="1.0" encoding="UTF-8"?>
<!-- Generated by org.testng.reporters.JUnitReportReporter -->
<testsuite hostname="DEC1526" failures="0" tests="6" name="com.qa.testcases.DocumentuploadPageTest" time="322.606" errors="0" timestamp="2023-09-20T11:58:38 IST" skipped="0">
  <testcase classname="com.qa.testcases.DocumentuploadPageTest" name="loginTest" time="33.577"/>
  <testcase classname="com.qa.testcases.DocumentuploadPageTest" name="cifTest" time="37.587"/>
  <testcase classname="com.qa.testcases.DocumentuploadPageTest" name="ComTest" time="56.119"/>
  <testcase classname="com.qa.testcases.DocumentuploadPageTest" name="AddTest" time="32.403"/>
  <testcase classname="com.qa.testcases.DocumentuploadPageTest" name="EmpTest" time="67.069"/>
  <testcase classname="com.qa.testcases.DocumentuploadPageTest" name="uploadtest" time="95.851"/>
</testsuite> <!-- com.qa.testcases.DocumentuploadPageTest -->
